  Game.cpp
c:\users\c00208049\documents\ai programming\ai-project-ssr\ai-project-ssr\projectile.h(25): warning C4244: 'return': conversion from 'double' to 'float', possible loss of data
c:\users\c00208049\documents\ai programming\ai-project-ssr\ai-project-ssr\ai.h(25): warning C4244: 'return': conversion from 'double' to 'float', possible loss of data
c:\users\c00208049\documents\ai programming\ai-project-ssr\ai-project-ssr\game.cpp(6): warning C4244: 'argument': conversion from 'double' to 'unsigned int', possible loss of data
c:\users\c00208049\documents\ai programming\ai-project-ssr\ai-project-ssr\game.cpp(7): warning C4244: 'argument': conversion from 'const double' to 'int', possible loss of data
c:\users\c00208049\documents\ai programming\ai-project-ssr\ai-project-ssr\game.cpp(9): warning C4244: 'argument': conversion from 'const int' to 'const float', possible loss of data
c:\users\c00208049\documents\ai programming\ai-project-ssr\ai-project-ssr\game.cpp(11): warning C4244: 'argument': conversion from 'double' to 'T', possible loss of data
          with
          [
              T=float
          ]
c:\users\c00208049\documents\ai programming\ai-project-ssr\ai-project-ssr\game.cpp(12): warning C4244: 'argument': conversion from 'const double' to 'T', possible loss of data
          with
          [
              T=float
          ]
c:\users\c00208049\documents\ai programming\ai-project-ssr\ai-project-ssr\game.cpp(13): warning C4244: 'argument': conversion from 'double' to 'T', possible loss of data
          with
          [
              T=float
          ]
c:\users\c00208049\documents\ai programming\ai-project-ssr\ai-project-ssr\game.cpp(14): warning C4244: 'argument': conversion from 'double' to 'T', possible loss of data
          with
          [
              T=float
          ]
c:\users\c00208049\documents\ai programming\ai-project-ssr\ai-project-ssr\game.cpp(44): warning C4244: '-=': conversion from 'double' to 'sf::Int32', possible loss of data
c:\users\c00208049\documents\ai programming\ai-project-ssr\ai-project-ssr\game.cpp(96): warning C4244: 'argument': conversion from 'double' to 'float', possible loss of data
c:\users\c00208049\documents\ai programming\ai-project-ssr\ai-project-ssr\game.cpp(100): warning C4244: 'argument': conversion from 'double' to 'float', possible loss of data
c:\users\c00208049\documents\ai programming\ai-project-ssr\ai-project-ssr\game.cpp(104): warning C4244: 'argument': conversion from 'double' to 'float', possible loss of data
c:\users\c00208049\documents\ai programming\ai-project-ssr\ai-project-ssr\game.cpp(108): warning C4244: 'argument': conversion from 'double' to 'float', possible loss of data
c:\users\c00208049\documents\ai programming\ai-project-ssr\ai-project-ssr\game.cpp(117): warning C4244: 'argument': conversion from 'double' to 'float', possible loss of data
c:\users\c00208049\documents\ai programming\ai-project-ssr\ai-project-ssr\game.cpp(129): warning C4244: 'argument': conversion from 'int' to 'float', possible loss of data
c:\users\c00208049\documents\ai programming\ai-project-ssr\ai-project-ssr\game.cpp(137): warning C4244: 'argument': conversion from 'int' to 'T', possible loss of data
          with
          [
              T=float
          ]
c:\users\c00208049\documents\ai programming\ai-project-ssr\ai-project-ssr\game.cpp(138): warning C4244: 'argument': conversion from 'double' to 'float', possible loss of data
c:\users\c00208049\documents\ai programming\ai-project-ssr\ai-project-ssr\game.cpp(142): warning C4244: 'argument': conversion from 'int' to 'T', possible loss of data
          with
          [
              T=float
          ]
c:\users\c00208049\documents\ai programming\ai-project-ssr\ai-project-ssr\game.cpp(143): warning C4244: 'argument': conversion from 'double' to 'float', possible loss of data
c:\users\c00208049\documents\ai programming\ai-project-ssr\ai-project-ssr\game.cpp(148): warning C4244: 'argument': conversion from 'double' to 'T', possible loss of data
          with
          [
              T=float
          ]
c:\users\c00208049\documents\ai programming\ai-project-ssr\ai-project-ssr\game.cpp(152): warning C4244: 'argument': conversion from 'double' to 'T', possible loss of data
          with
          [
              T=float
          ]
c:\users\c00208049\documents\ai programming\ai-project-ssr\ai-project-ssr\game.cpp(159): warning C4244: 'argument': conversion from 'const double' to 'T', possible loss of data
          with
          [
              T=float
          ]
c:\users\c00208049\documents\ai programming\ai-project-ssr\ai-project-ssr\game.cpp(192): warning C4244: 'argument': conversion from 'const double' to 'T', possible loss of data
          with
          [
              T=float
          ]
c:\users\c00208049\documents\ai programming\ai-project-ssr\ai-project-ssr\game.cpp(211): warning C4244: 'argument': conversion from 'double' to 'float', possible loss of data
c:\users\c00208049\documents\ai programming\ai-project-ssr\ai-project-ssr\game.cpp(216): warning C4244: 'argument': conversion from 'double' to 'float', possible loss of data
  AI-Project-SSR.vcxproj -> C:\Users\c00208049\Documents\AI Programming\AI-Project-SSR\Debug\AI-Project-SSR.exe
